NEW VPC described as below
{
    "Vpcs": [
        {
            "CidrBlock": "10.10.0.0/16",
            "DhcpOptionsId": "dopt-054c90d9050000988",
            "State": "available",
            "VpcId": "vpc-0bae1c26f1b47efe6",
            "OwnerId": "471112595710",
            "InstanceTenancy": "default",
            "CidrBlockAssociationSet": [
                {
                    "AssociationId": "vpc-cidr-assoc-0b0af1d4f117191ad",
                    "CidrBlock": "10.10.0.0/16",
                    "CidrBlockState": {
                        "State": "associated"
                    }
                }
            ],
            "IsDefault": false
        }
    ]
}
NEW Subnet descibled as below
{
    "Subnets": [
        {
            "AvailabilityZone": "ca-central-1a",
            "AvailabilityZoneId": "cac1-az1",
            "AvailableIpAddressCount": 251,
            "CidrBlock": "10.10.1.0/24",
            "DefaultForAz": false,
            "MapPublicIpOnLaunch": false,
            "MapCustomerOwnedIpOnLaunch": false,
            "State": "available",
            "SubnetId": "subnet-08de5cfac29181d79",
            "VpcId": "vpc-0bae1c26f1b47efe6",
            "OwnerId": "471112595710",
            "AssignIpv6AddressOnCreation": false,
            "Ipv6CidrBlockAssociationSet": [],
            "SubnetArn": "arn:aws:ec2:ca-central-1:471112595710:subnet/subnet-08de5cfac29181d79",
            "EnableDns64": false,
            "Ipv6Native": false,
            "PrivateDnsNameOptionsOnLaunch": {
                "HostnameType": "ip-name",
                "EnableResourceNameDnsARecord": false,
                "EnableResourceNameDnsAAAARecord": false
            }
        }
    ]
}
Making subnet public so it will have public ip on new ec2 instances
NEW Subnet descibled as below after making it public
{
    "Subnets": [
        {
            "AvailabilityZone": "ca-central-1a",
            "AvailabilityZoneId": "cac1-az1",
            "AvailableIpAddressCount": 251,
            "CidrBlock": "10.10.1.0/24",
            "DefaultForAz": false,
            "MapPublicIpOnLaunch": true,
            "MapCustomerOwnedIpOnLaunch": false,
            "State": "available",
            "SubnetId": "subnet-08de5cfac29181d79",
            "VpcId": "vpc-0bae1c26f1b47efe6",
            "OwnerId": "471112595710",
            "AssignIpv6AddressOnCreation": false,
            "Ipv6CidrBlockAssociationSet": [],
            "SubnetArn": "arn:aws:ec2:ca-central-1:471112595710:subnet/subnet-08de5cfac29181d79",
            "EnableDns64": false,
            "Ipv6Native": false,
            "PrivateDnsNameOptionsOnLaunch": {
                "HostnameType": "ip-name",
                "EnableResourceNameDnsARecord": false,
                "EnableResourceNameDnsAAAARecord": false
            }
        }
    ]
}
NEW Internet Gateway described as below
{
    "InternetGateways": [
        {
            "Attachments": [],
            "InternetGatewayId": "igw-03f6cfd521e126a9f",
            "OwnerId": "471112595710",
            "Tags": []
        }
    ]
}
Attaching Internet Gateway to NEW VPC
NEW Internet Gateway described as below after attaching to VPC
{
    "InternetGateways": [
        {
            "Attachments": [
                {
                    "State": "available",
                    "VpcId": "vpc-0bae1c26f1b47efe6"
                }
            ],
            "InternetGatewayId": "igw-03f6cfd521e126a9f",
            "OwnerId": "471112595710",
            "Tags": []
        }
    ]
}
NEW Route table described as below
{
    "RouteTables": [
        {
            "Associations": [],
            "PropagatingVgws": [],
            "RouteTableId": "rtb-015069758fc4db480",
            "Routes": [
                {
                    "DestinationCidrBlock": "10.10.0.0/16",
                    "GatewayId": "local",
                    "Origin": "CreateRouteTable",
                    "State": "active"
                }
            ],
            "Tags": [],
            "VpcId": "vpc-0bae1c26f1b47efe6",
            "OwnerId": "471112595710"
        }
    ]
}
Creating new route in route table to connect from and to internet via internet gatway 
{
    "Return": true
}
NEW Route table described as below after creating new route to internet
{
    "RouteTables": [
        {
            "Associations": [],
            "PropagatingVgws": [],
            "RouteTableId": "rtb-015069758fc4db480",
            "Routes": [
                {
                    "DestinationCidrBlock": "10.10.0.0/16",
                    "GatewayId": "local",
                    "Origin": "CreateRouteTable",
                    "State": "active"
                },
                {
                    "DestinationCidrBlock": "0.0.0.0/0",
                    "GatewayId": "igw-03f6cfd521e126a9f",
                    "Origin": "CreateRoute",
                    "State": "active"
                }
            ],
            "Tags": [],
            "VpcId": "vpc-0bae1c26f1b47efe6",
            "OwnerId": "471112595710"
        }
    ]
}
Associating route table to subnet so it will have public route
NEW Route table described as below after associating with subnet
{
    "RouteTables": [
        {
            "Associations": [
                {
                    "Main": false,
                    "RouteTableAssociationId": "rtbassoc-06c218c2b610f0b3f",
                    "RouteTableId": "rtb-015069758fc4db480",
                    "SubnetId": "subnet-08de5cfac29181d79",
                    "AssociationState": {
                        "State": "associated"
                    }
                }
            ],
            "PropagatingVgws": [],
            "RouteTableId": "rtb-015069758fc4db480",
            "Routes": [
                {
                    "DestinationCidrBlock": "10.10.0.0/16",
                    "GatewayId": "local",
                    "Origin": "CreateRouteTable",
                    "State": "active"
                },
                {
                    "DestinationCidrBlock": "0.0.0.0/0",
                    "GatewayId": "igw-03f6cfd521e126a9f",
                    "Origin": "CreateRoute",
                    "State": "active"
                }
            ],
            "Tags": [],
            "VpcId": "vpc-0bae1c26f1b47efe6",
            "OwnerId": "471112595710"
        }
    ]
}
Making KeyPair Private
New KeyPair stored in MyKeyPair.pem file
-----BEGIN RSA PRIVATE KEY-----
MIIEpQIBAAKCAQEAkP0fPfDozW08+M52tbb7zpeBftxdxvZxyFcooC+qV+cNMVuA
tcqz5g42kd3TKV0hURHLaRr2LjFYnRQYimCZ5/FdW6mrM+sFgcsGOh7cg4Zjz68K
ZYVaRn49u1kHen1btxV0puyDn8vPylxs8BfpkyvwU75wmtJc0tmcU3uVTp+AAq3T
IlfRnXX8iY2QGZbkDJSXMgDtyoqgzGw0+OhkahaEAwcQuiAss4Ton510oqh9y80V
O0aaUXPLdcSKWxF51wX93kLhyqrvbZ/dYses5JsiV9Ex+3tyDMHvc4P0I9C44i3c
zS1zYDa98S3lIWwV3FYy0hXQ6Rl2YFRWER2e/wIDAQABAoIBAQCA0jWQ/lyKMTXM
Rv1YZPWEUD7BbaBwqATeoPo6oT8zjNm+8fMBEtIWZKh9n97/UHzKoAngIBF9Z2C5
Z+KKCFyWpXBygeTYY0foU2/78fGxdpV2MKsHGp3kJkRJEkg/v+PeXtTffyNPtnGv
9cDg7g4dMhv8/CbmmGPa/3gTAKnfSRv5mxRjLi4pkaxlxtw9eFR2HrJyYTSr4ZXh
E5Cuwtg2SmmIwOEN0tgS9wzfWGQUYxr5w3MaIQsNsBhIvvzfZR3F4/IVT3DJcGUq
2DD0Q6QoaxpcEgyUcxXEtWHJMINqIlyIsjK/+G5cXZBzb/9iYWubU5h/suYnTDln
iQ1DLhwBAoGBAPpJ4oGVeUUP1ScIbq5hzTLmaU0EFtcANA31TGTJ6uv8z2jqUTA1
SbahmmLWZx1sGgMcZKRJNMILdQiABeOlfx/ixixDkgfgTo8ctSwFeQUlQHJlUTa0
CyqWwoRGT1tLdwqQ4HlCJWnc7JLoc9PX30YXBfXIsPxmNcrRz+WQ0wj/AoGBAJRM
GvXCpx8mKKzZO5uiBeNl+49AW+Y4+2xhve163smuYb6fBiyiu+O9aWQn6iqKutnR
+atRo4Y3E9DzOXDfjIQ+TdfwOt46mXCm9TOBeD5h28fhdSH4SoInfEwWPdcQpKwg
vq7ZUEKlOeOPrYVY3RqPQ0ULs0Ne9KMluw/Ib2oBAoGBAJgRD+d/c4C8T9s5SlX0
4gGM8Gl0lJPocbgRU2rhKzRaE4JA6zcJCVJG+VAXx+qeZWeCdrtCJyXGZELX1bws
LwKme5UlMLJMXC6jWIf4g0DXE0Ltv9wmo6oqkuBe/5QOU7M9tsS1pZmeOrY/OTB6
thMVpe9hEfcn+oLR2yg1R6LtAoGABP+ftQLvoSQnINRdpvxKGIUaepSfxF3NU7Tj
svp+QewHzWYMzjpZ/O4ofEDAKtjsPWVPdg/VZDO9DkD0gbJ3SQnUk9+8DDuLanmm
MCtAA1JHFzCpQxDcahCspt/lC7e65TZhVwFqLCTnk50HK0R4h2mmydAAJdgwhMND
z99gqgECgYEAwbczbGXbbEK4wvhixRg8Bsw8EWgbSBbsHro2B+rnqrlafpGviUAM
f8naVWYfy1XfAU2/my9XEbLTbAMmcN31fzv0iOkzZtX374nDXLHnGKg7MH5gEKxp
suFKIp4nf/Q7jSK0nf45GsGc+P+cpAlU0KFY7beUSu1roew/3c1tPtE=
-----END RSA PRIVATE KEY-----
New KeyPair described as below
{
    "KeyPairs": [
        {
            "KeyPairId": "key-0cab0adf14ada126e",
            "KeyFingerprint": "24:5e:cf:80:8b:3f:43:26:4a:e1:0c:56:51:b9:1c:42:80:fa:1b:ce",
            "KeyName": "MyKeyPair",
            "KeyType": "rsa",
            "Tags": [],
            "CreateTime": "2024-05-30T16:19:21.035000+00:00"
        }
    ]
}
New Security Group described as below
{
    "SecurityGroups": [
        {
            "Description": "SG for VPC vpc-0bae1c26f1b47efe6",
            "GroupName": "MySG",
            "IpPermissions": [],
            "OwnerId": "471112595710",
            "GroupId": "sg-0132ab984f7311152",
            "IpPermissionsEgress": [
                {
                    "IpProtocol": "-1",
                    "IpRanges": [
                        {
                            "CidrIp": "0.0.0.0/0"
                        }
                    ],
                    "Ipv6Ranges": [],
                    "PrefixListIds": [],
                    "UserIdGroupPairs": []
                }
            ],
            "VpcId": "vpc-0bae1c26f1b47efe6"
        }
    ]
}
Allowing ssh traffic via security group
{
    "Return": true,
    "SecurityGroupRules": [
        {
            "SecurityGroupRuleId": "sgr-011441533aad84fbf",
            "GroupId": "sg-0132ab984f7311152",
            "GroupOwnerId": "471112595710",
            "IsEgress": false,
            "IpProtocol": "tcp",
            "FromPort": 22,
            "ToPort": 22,
            "CidrIpv4": "0.0.0.0/0"
        }
    ]
}
Security group describled as belwo after allowing ssh traffic
{
    "SecurityGroups": [
        {
            "Description": "SG for VPC vpc-0bae1c26f1b47efe6",
            "GroupName": "MySG",
            "IpPermissions": [
                {
                    "FromPort": 22,
                    "IpProtocol": "tcp",
                    "IpRanges": [
                        {
                            "CidrIp": "0.0.0.0/0"
                        }
                    ],
                    "Ipv6Ranges": [],
                    "PrefixListIds": [],
                    "ToPort": 22,
                    "UserIdGroupPairs": []
                }
            ],
            "OwnerId": "471112595710",
            "GroupId": "sg-0132ab984f7311152",
            "IpPermissionsEgress": [
                {
                    "IpProtocol": "-1",
                    "IpRanges": [
                        {
                            "CidrIp": "0.0.0.0/0"
                        }
                    ],
                    "Ipv6Ranges": [],
                    "PrefixListIds": [],
                    "UserIdGroupPairs": []
                }
            ],
            "VpcId": "vpc-0bae1c26f1b47efe6"
        }
    ]
}
Creating new EC2 Instance 
New EC2 Instance describled as below
{
    "Reservations": [
        {
            "Groups": [],
            "Instances": [
                {
                    "AmiLaunchIndex": 0,
                    "ImageId": "ami-0c4596ce1e7ae3e68",
                    "InstanceId": "i-03a1171610d4205b2",
                    "InstanceType": "t2.micro",
                    "KeyName": "MyKeyPair",
                    "LaunchTime": "2024-05-30T16:19:27+00:00",
                    "Monitoring": {
                        "State": "disabled"
                    },
                    "Placement": {
                        "AvailabilityZone": "ca-central-1a",
                        "GroupName": "",
                        "Tenancy": "default"
                    },
                    "PrivateDnsName": "ip-10-10-1-4.ca-central-1.compute.internal",
                    "PrivateIpAddress": "10.10.1.4",
                    "ProductCodes": [],
                    "PublicDnsName": "",
                    "PublicIpAddress": "3.99.191.201",
                    "State": {
                        "Code": 0,
                        "Name": "pending"
                    },
                    "StateTransitionReason": "",
                    "SubnetId": "subnet-08de5cfac29181d79",
                    "VpcId": "vpc-0bae1c26f1b47efe6",
                    "Architecture": "x86_64",
                    "BlockDeviceMappings": [
                        {
                            "DeviceName": "/dev/sda1",
                            "Ebs": {
                                "AttachTime": "2024-05-30T16:19:27+00:00",
                                "DeleteOnTermination": true,
                                "Status": "attaching",
                                "VolumeId": "vol-0df524a427282031b"
                            }
                        }
                    ],
                    "ClientToken": "54128435-17dc-4274-aa52-f5e4b7c62cab",
                    "EbsOptimized": false,
                    "EnaSupport": true,
                    "Hypervisor": "xen",
                    "NetworkInterfaces": [
                        {
                            "Association": {
                                "IpOwnerId": "amazon",
                                "PublicDnsName": "",
                                "PublicIp": "3.99.191.201"
                            },
                            "Attachment": {
                                "AttachTime": "2024-05-30T16:19:27+00:00",
                                "AttachmentId": "eni-attach-08b7ab27cadae8aed",
                                "DeleteOnTermination": true,
                                "DeviceIndex": 0,
                                "Status": "attaching",
                                "NetworkCardIndex": 0
                            },
                            "Description": "",
                            "Groups": [
                                {
                                    "GroupName": "MySG",
                                    "GroupId": "sg-0132ab984f7311152"
                                }
                            ],
                            "Ipv6Addresses": [],
                            "MacAddress": "02:c7:b2:b8:75:f5",
                            "NetworkInterfaceId": "eni-09511cd02d732e177",
                            "OwnerId": "471112595710",
                            "PrivateIpAddress": "10.10.1.4",
                            "PrivateIpAddresses": [
                                {
                                    "Association": {
                                        "IpOwnerId": "amazon",
                                        "PublicDnsName": "",
                                        "PublicIp": "3.99.191.201"
                                    },
                                    "Primary": true,
                                    "PrivateIpAddress": "10.10.1.4"
                                }
                            ],
                            "SourceDestCheck": true,
                            "Status": "in-use",
                            "SubnetId": "subnet-08de5cfac29181d79",
                            "VpcId": "vpc-0bae1c26f1b47efe6",
                            "InterfaceType": "interface"
                        }
                    ],
                    "RootDeviceName": "/dev/sda1",
                    "RootDeviceType": "ebs",
                    "SecurityGroups": [
                        {
                            "GroupName": "MySG",
                            "GroupId": "sg-0132ab984f7311152"
                        }
                    ],
                    "SourceDestCheck": true,
                    "VirtualizationType": "hvm",
                    "CpuOptions": {
                        "CoreCount": 1,
                        "ThreadsPerCore": 1
                    },
                    "CapacityReservationSpecification": {
                        "CapacityReservationPreference": "open"
                    },
                    "HibernationOptions": {
                        "Configured": false
                    },
                    "MetadataOptions": {
                        "State": "pending",
                        "HttpTokens": "required",
                        "HttpPutResponseHopLimit": 2,
                        "HttpEndpoint": "enabled",
                        "HttpProtocolIpv6": "disabled",
                        "InstanceMetadataTags": "disabled"
                    },
                    "EnclaveOptions": {
                        "Enabled": false
                    },
                    "BootMode": "uefi-preferred",
                    "PlatformDetails": "Linux/UNIX",
                    "UsageOperation": "RunInstances",
                    "UsageOperationUpdateTime": "2024-05-30T16:19:27+00:00",
                    "PrivateDnsNameOptions": {
                        "HostnameType": "ip-name",
                        "EnableResourceNameDnsARecord": false,
                        "EnableResourceNameDnsAAAARecord": false
                    },
                    "MaintenanceOptions": {
                        "AutoRecovery": "default"
                    },
                    "CurrentInstanceBootMode": "legacy-bios"
                }
            ],
            "OwnerId": "471112595710",
            "ReservationId": "r-06062a5a7590c91ed"
        }
    ]
}
Waiting for 5 minutes for instance to be running
Getting Public IP Address
Connecting to EC2 Instance
The authenticity of host '3.99.191.201 (3.99.191.201)' can't be established.
ED25519 key fingerprint is SHA256:T/fFr4F/rwsm4TbspCQwE+Rfmexu/wUuMC/Uf2HzLvo.
This key is not known by any other names.
Are you sure you want to continue connecting (yes/no/[fingerprint])? yes
Warning: Permanently added '3.99.191.201' (ED25519) to the list of known hosts.
Welcome to Ubuntu 24.04 LTS (GNU/Linux 6.8.0-1008-aws x86_64)

 * Documentation:  https://help.ubuntu.com
 * Management:     https://landscape.canonical.com
 * Support:        https://ubuntu.com/pro

 System information as of Thu May 30 16:24:45 UTC 2024

  System load:  0.1               Processes:             106
  Usage of /:   23.2% of 6.71GB   Users logged in:       0
  Memory usage: 20%               IPv4 address for enX0: 10.10.1.4
  Swap usage:   0%

Expanded Security Maintenance for Applications is not enabled.

0 updates can be applied immediately.

Enable ESM Apps to receive additional future security updates.
See https://ubuntu.com/esm or run: sudo pro status


The list of available updates is more than a week old.
To check for new updates run: sudo apt update


The programs included with the Ubuntu system are free software;
the exact distribution terms for each program are described in the
individual files in /usr/share/doc/*/copyright.

Ubuntu comes with ABSOLUTELY NO WARRANTY, to the extent permitted by
applicable law.

To run a command as administrator (user "root"), use "sudo <command>".
See "man sudo_root" for details.

ubuntu@ip-10-10-1-4:~$ sudo apt update && sudo apt upgrade -y
Get:1 http://ca-central-1.ec2.archive.ubuntu.com/ubuntu noble InRelease [256 kB]
Get:2 http://ca-central-1.ec2.archive.ubuntu.com/ubuntu noble-updates InRelease [126 kB]
Get:3 http://ca-central-1.ec2.archive.ubuntu.com/ubuntu noble-backports InRelease [126 kB]
Get:4 http://security.ubuntu.com/ubuntu noble-security InRelease [126 kB]
Get:5 http://ca-central-1.ec2.archive.ubuntu.com/ubuntu noble/main amd64 Packages [1401 kB]
Get:6 http://ca-central-1.ec2.archive.ubuntu.com/ubuntu noble/main Translation-en [513 kB]
Get:7 http://ca-central-1.ec2.archive.ubuntu.com/ubuntu noble/universe amd64 Packages [15.0 MB]
Get:8 http://security.ubuntu.com/ubuntu noble-security/main amd64 Packages [88.0 kB]
Get:9 http://ca-central-1.ec2.archive.ubuntu.com/ubuntu noble/universe Translation-en [5982 kB]
Get:10 http://security.ubuntu.com/ubuntu noble-security/main Translation-en [24.5 kB]           
Get:11 http://security.ubuntu.com/ubuntu noble-security/main amd64 Components [6784 B]                   
Get:12 http://security.ubuntu.com/ubuntu noble-security/universe amd64 Packages [34.9 kB]                
Get:13 http://security.ubuntu.com/ubuntu noble-security/universe Translation-en [13.4 kB]                
Get:14 http://security.ubuntu.com/ubuntu noble-security/universe amd64 Components [8628 B]            
Get:15 http://security.ubuntu.com/ubuntu noble-security/universe amd64 c-n-f Metadata [112 B]            
Get:16 http://security.ubuntu.com/ubuntu noble-security/restricted amd64 Components [212 B]              
Get:17 http://security.ubuntu.com/ubuntu noble-security/multiverse amd64 Components [212 B]              
Get:18 http://security.ubuntu.com/ubuntu noble-security/multiverse amd64 c-n-f Metadata [116 B]          
Get:19 http://ca-central-1.ec2.archive.ubuntu.com/ubuntu noble/universe amd64 Components [3871 kB]       
Get:20 http://ca-central-1.ec2.archive.ubuntu.com/ubuntu noble/universe amd64 c-n-f Metadata [301 kB]
Get:21 http://ca-central-1.ec2.archive.ubuntu.com/ubuntu noble/restricted amd64 Packages [93.9 kB]
Get:22 http://ca-central-1.ec2.archive.ubuntu.com/ubuntu noble/restricted Translation-en [18.7 kB]
Get:23 http://ca-central-1.ec2.archive.ubuntu.com/ubuntu noble/multiverse amd64 Packages [269 kB]
Get:24 http://ca-central-1.ec2.archive.ubuntu.com/ubuntu noble/multiverse Translation-en [118 kB]
Get:25 http://ca-central-1.ec2.archive.ubuntu.com/ubuntu noble/multiverse amd64 Components [35.0 kB]
Get:26 http://ca-central-1.ec2.archive.ubuntu.com/ubuntu noble/multiverse amd64 c-n-f Metadata [8328 B]
Get:27 http://ca-central-1.ec2.archive.ubuntu.com/ubuntu noble-updates/main amd64 Packages [95.5 kB]
Get:28 http://ca-central-1.ec2.archive.ubuntu.com/ubuntu noble-updates/main Translation-en [27.2 kB]
Get:29 http://ca-central-1.ec2.archive.ubuntu.com/ubuntu noble-updates/main amd64 Components [8424 B]
Get:30 http://ca-central-1.ec2.archive.ubuntu.com/ubuntu noble-updates/universe amd64 Packages [43.0 kB]
Get:31 http://ca-central-1.ec2.archive.ubuntu.com/ubuntu noble-updates/universe Translation-en [16.3 kB]
Get:32 http://ca-central-1.ec2.archive.ubuntu.com/ubuntu noble-updates/universe amd64 Components [44.8 kB]
Get:33 http://ca-central-1.ec2.archive.ubuntu.com/ubuntu noble-updates/universe amd64 c-n-f Metadata [112 B]
Get:34 http://ca-central-1.ec2.archive.ubuntu.com/ubuntu noble-updates/restricted amd64 Components [212 B]
Get:35 http://ca-central-1.ec2.archive.ubuntu.com/ubuntu noble-updates/multiverse amd64 Components [212 B]
Get:36 http://ca-central-1.ec2.archive.ubuntu.com/ubuntu noble-updates/multiverse amd64 c-n-f Metadata [116 B]
Get:37 http://ca-central-1.ec2.archive.ubuntu.com/ubuntu noble-backports/main amd64 Components [208 B]
Get:38 http://ca-central-1.ec2.archive.ubuntu.com/ubuntu noble-backports/main amd64 c-n-f Metadata [112 B]
Get:39 http://ca-central-1.ec2.archive.ubuntu.com/ubuntu noble-backports/universe amd64 Packages [5812 B]
Get:40 http://ca-central-1.ec2.archive.ubuntu.com/ubuntu noble-backports/universe Translation-en [2152 B]
Get:41 http://ca-central-1.ec2.archive.ubuntu.com/ubuntu noble-backports/universe amd64 Components [17.7 kB]
Get:42 http://ca-central-1.ec2.archive.ubuntu.com/ubuntu noble-backports/universe amd64 c-n-f Metadata [116 B]
Get:43 http://ca-central-1.ec2.archive.ubuntu.com/ubuntu noble-backports/restricted amd64 Components [216 B]
Get:44 http://ca-central-1.ec2.archive.ubuntu.com/ubuntu noble-backports/restricted amd64 c-n-f Metadata [116 B]
Get:45 http://ca-central-1.ec2.archive.ubuntu.com/ubuntu noble-backports/multiverse amd64 Components [212 B]
Get:46 http://ca-central-1.ec2.archive.ubuntu.com/ubuntu noble-backports/multiverse amd64 c-n-f Metadata [116 B]
Fetched 28.7 MB in 6s (4877 kB/s)               
Reading package lists... Done
Building dependency tree... Done
Reading state information... Done
46 packages can be upgraded. Run 'apt list --upgradable' to see them.
Reading package lists... Done
Building dependency tree... Done
Reading state information... Done
Calculating upgrade... Done
The following packages will be upgraded:
  apport apport-core-dump-handler curl dhcpcd-base distro-info-data gir1.2-glib-2.0 git git-man initramfs-tools initramfs-tools-bin initramfs-tools-core intel-microcode klibc-utils
  less libc-bin libc-dev-bin libc-devtools libc6 libc6-dev libcurl3t64-gnutls libcurl4t64 libglib2.0-0t64 libglib2.0-bin libglib2.0-data libgnutls30t64 libklibc libnghttp2-14
  libssl3t64 libtss2-esys-3.0.2-0t64 libtss2-mu-4.0.1-0t64 libtss2-sys1t64 libtss2-tcti-cmd0t64 libtss2-tcti-device0t64 libtss2-tcti-mssim0t64 libtss2-tcti-swtpm0t64 locales openssl
  python3-apport python3-cryptography python3-distupgrade python3-idna python3-jinja2 python3-problem-report ubuntu-pro-client ubuntu-pro-client-l10n ubuntu-release-upgrader-core
46 upgraded, 0 newly installed, 0 to remove and 0 not upgraded.
34 standard LTS security updates
Need to get 31.3 MB of archives.
After this operation, 458 kB of additional disk space will be used.
Get:1 http://ca-central-1.ec2.archive.ubuntu.com/ubuntu noble-updates/main amd64 libc-devtools amd64 2.39-0ubuntu8.2 [29.3 kB]
Get:2 http://ca-central-1.ec2.archive.ubuntu.com/ubuntu noble-updates/main amd64 libc6-dev amd64 2.39-0ubuntu8.2 [2124 kB]
Get:3 http://ca-central-1.ec2.archive.ubuntu.com/ubuntu noble-updates/main amd64 libc-dev-bin amd64 2.39-0ubuntu8.2 [20.4 kB]
Get:4 http://ca-central-1.ec2.archive.ubuntu.com/ubuntu noble-updates/main amd64 libc6 amd64 2.39-0ubuntu8.2 [3263 kB]
Get:5 http://ca-central-1.ec2.archive.ubuntu.com/ubuntu noble-updates/main amd64 libc-bin amd64 2.39-0ubuntu8.2 [682 kB]
Get:6 http://ca-central-1.ec2.archive.ubuntu.com/ubuntu noble-updates/main amd64 python3-problem-report all 2.28.1-0ubuntu3 [23.9 kB]
Get:7 http://ca-central-1.ec2.archive.ubuntu.com/ubuntu noble-updates/main amd64 python3-apport all 2.28.1-0ubuntu3 [92.1 kB]
Get:8 http://ca-central-1.ec2.archive.ubuntu.com/ubuntu noble-updates/main amd64 libglib2.0-data all 2.80.0-6ubuntu3.1 [48.4 kB]
Get:9 http://ca-central-1.ec2.archive.ubuntu.com/ubuntu noble-updates/main amd64 libglib2.0-bin amd64 2.80.0-6ubuntu3.1 [97.9 kB]
Get:10 http://ca-central-1.ec2.archive.ubuntu.com/ubuntu noble-updates/main amd64 gir1.2-glib-2.0 amd64 2.80.0-6ubuntu3.1 [183 kB]
Get:11 http://ca-central-1.ec2.archive.ubuntu.com/ubuntu noble-updates/main amd64 libglib2.0-0t64 amd64 2.80.0-6ubuntu3.1 [1546 kB]
Get:12 http://ca-central-1.ec2.archive.ubuntu.com/ubuntu noble-updates/main amd64 apport-core-dump-handler all 2.28.1-0ubuntu3 [16.9 kB]
Get:13 http://ca-central-1.ec2.archive.ubuntu.com/ubuntu noble-updates/main amd64 apport all 2.28.1-0ubuntu3 [83.5 kB]
Get:14 http://ca-central-1.ec2.archive.ubuntu.com/ubuntu noble-updates/main amd64 libssl3t64 amd64 3.0.13-0ubuntu3.1 [1939 kB]
Get:15 http://ca-central-1.ec2.archive.ubuntu.com/ubuntu noble-updates/main amd64 libgnutls30t64 amd64 3.8.3-1.1ubuntu3.1 [998 kB]
Get:16 http://ca-central-1.ec2.archive.ubuntu.com/ubuntu noble-updates/main amd64 dhcpcd-base amd64 1:10.0.6-1ubuntu3.1 [215 kB]
Get:17 http://ca-central-1.ec2.archive.ubuntu.com/ubuntu noble-updates/main amd64 distro-info-data all 0.60ubuntu0.1 [6514 B]
Get:18 http://ca-central-1.ec2.archive.ubuntu.com/ubuntu noble-updates/main amd64 less amd64 590-2ubuntu2.1 [142 kB]
Get:19 http://ca-central-1.ec2.archive.ubuntu.com/ubuntu noble-updates/main amd64 locales all 2.39-0ubuntu8.2 [4235 kB]
Get:20 http://ca-central-1.ec2.archive.ubuntu.com/ubuntu noble-updates/main amd64 openssl amd64 3.0.13-0ubuntu3.1 [1003 kB]
Get:21 http://ca-central-1.ec2.archive.ubuntu.com/ubuntu noble-updates/main amd64 ubuntu-pro-client-l10n amd64 32.3~24.04 [19.4 kB]
Get:22 http://ca-central-1.ec2.archive.ubuntu.com/ubuntu noble-updates/main amd64 ubuntu-pro-client amd64 32.3~24.04 [229 kB]
Get:23 http://ca-central-1.ec2.archive.ubuntu.com/ubuntu noble-updates/main amd64 libnghttp2-14 amd64 1.59.0-1ubuntu0.1 [74.3 kB]
Get:24 http://ca-central-1.ec2.archive.ubuntu.com/ubuntu noble-updates/main amd64 ubuntu-release-upgrader-core all 1:24.04.18 [27.4 kB]
Get:25 http://ca-central-1.ec2.archive.ubuntu.com/ubuntu noble-updates/main amd64 python3-distupgrade all 1:24.04.18 [122 kB]
Get:26 http://ca-central-1.ec2.archive.ubuntu.com/ubuntu noble-updates/main amd64 curl amd64 8.5.0-2ubuntu10.1 [227 kB]
Get:27 http://ca-central-1.ec2.archive.ubuntu.com/ubuntu noble-updates/main amd64 libcurl4t64 amd64 8.5.0-2ubuntu10.1 [341 kB]
Get:28 http://ca-central-1.ec2.archive.ubuntu.com/ubuntu noble-updates/main amd64 libcurl3t64-gnutls amd64 8.5.0-2ubuntu10.1 [333 kB]
Get:29 http://ca-central-1.ec2.archive.ubuntu.com/ubuntu noble-updates/main amd64 git-man all 1:2.43.0-1ubuntu7.1 [1100 kB]
Get:30 http://ca-central-1.ec2.archive.ubuntu.com/ubuntu noble-updates/main amd64 git amd64 1:2.43.0-1ubuntu7.1 [3679 kB]
Get:31 http://ca-central-1.ec2.archive.ubuntu.com/ubuntu noble-updates/main amd64 initramfs-tools all 0.142ubuntu25.1 [9078 B]
Get:32 http://ca-central-1.ec2.archive.ubuntu.com/ubuntu noble-updates/main amd64 initramfs-tools-core all 0.142ubuntu25.1 [49.9 kB]
Get:33 http://ca-central-1.ec2.archive.ubuntu.com/ubuntu noble-updates/main amd64 initramfs-tools-bin amd64 0.142ubuntu25.1 [20.9 kB]
Get:34 http://ca-central-1.ec2.archive.ubuntu.com/ubuntu noble-updates/main amd64 klibc-utils amd64 2.0.13-4ubuntu0.1 [100 kB]
Get:35 http://ca-central-1.ec2.archive.ubuntu.com/ubuntu noble-updates/main amd64 libklibc amd64 2.0.13-4ubuntu0.1 [47.2 kB]
Get:36 http://ca-central-1.ec2.archive.ubuntu.com/ubuntu noble-updates/main amd64 libtss2-mu-4.0.1-0t64 amd64 4.0.1-7.1ubuntu5.1 [63.3 kB]
Get:37 http://ca-central-1.ec2.archive.ubuntu.com/ubuntu noble-updates/main amd64 libtss2-tcti-cmd0t64 amd64 4.0.1-7.1ubuntu5.1 [16.0 kB]
Get:38 http://ca-central-1.ec2.archive.ubuntu.com/ubuntu noble-updates/main amd64 libtss2-tcti-device0t64 amd64 4.0.1-7.1ubuntu5.1 [14.6 kB]
Get:39 http://ca-central-1.ec2.archive.ubuntu.com/ubuntu noble-updates/main amd64 libtss2-tcti-mssim0t64 amd64 4.0.1-7.1ubuntu5.1 [14.8 kB]
Get:40 http://ca-central-1.ec2.archive.ubuntu.com/ubuntu noble-updates/main amd64 libtss2-tcti-swtpm0t64 amd64 4.0.1-7.1ubuntu5.1 [14.9 kB]
Get:41 http://ca-central-1.ec2.archive.ubuntu.com/ubuntu noble-updates/main amd64 libtss2-sys1t64 amd64 4.0.1-7.1ubuntu5.1 [35.6 kB]
Get:42 http://ca-central-1.ec2.archive.ubuntu.com/ubuntu noble-updates/main amd64 libtss2-esys-3.0.2-0t64 amd64 4.0.1-7.1ubuntu5.1 [145 kB]
Get:43 http://ca-central-1.ec2.archive.ubuntu.com/ubuntu noble-updates/main amd64 python3-cryptography amd64 41.0.7-4ubuntu0.1 [810 kB]
Get:44 http://ca-central-1.ec2.archive.ubuntu.com/ubuntu noble-updates/main amd64 python3-idna all 3.6-2ubuntu0.1 [49.0 kB]
Get:45 http://ca-central-1.ec2.archive.ubuntu.com/ubuntu noble-updates/main amd64 python3-jinja2 all 3.1.2-1ubuntu1.1 [108 kB]
Get:46 http://ca-central-1.ec2.archive.ubuntu.com/ubuntu noble-updates/main amd64 intel-microcode amd64 3.20240514.0ubuntu0.24.04.1 [6862 kB]
Fetched 31.3 MB in 1s (51.7 MB/s)          
Extracting templates from packages: 100%
Preconfiguring packages ...
(Reading database ... 71839 files and directories currently installed.)
Preparing to unpack .../libc-devtools_2.39-0ubuntu8.2_amd64.deb ...
Unpacking libc-devtools (2.39-0ubuntu8.2) over (2.39-0ubuntu8) ...
Preparing to unpack .../libc6-dev_2.39-0ubuntu8.2_amd64.deb ...
Unpacking libc6-dev:amd64 (2.39-0ubuntu8.2) over (2.39-0ubuntu8) ...
Preparing to unpack .../libc-dev-bin_2.39-0ubuntu8.2_amd64.deb ...
Unpacking libc-dev-bin (2.39-0ubuntu8.2) over (2.39-0ubuntu8) ...
Preparing to unpack .../libc6_2.39-0ubuntu8.2_amd64.deb ...
Unpacking libc6:amd64 (2.39-0ubuntu8.2) over (2.39-0ubuntu8) ...
Setting up libc6:amd64 (2.39-0ubuntu8.2) ...
(Reading database ... 71839 files and directories currently installed.)
Preparing to unpack .../libc-bin_2.39-0ubuntu8.2_amd64.deb ...
Unpacking libc-bin (2.39-0ubuntu8.2) over (2.39-0ubuntu8) ...
Setting up libc-bin (2.39-0ubuntu8.2) ...
(Reading database ... 71839 files and directories currently installed.)
Preparing to unpack .../0-python3-problem-report_2.28.1-0ubuntu3_all.deb ...
Unpacking python3-problem-report (2.28.1-0ubuntu3) over (2.28.1-0ubuntu2) ...
Preparing to unpack .../1-python3-apport_2.28.1-0ubuntu3_all.deb ...
Unpacking python3-apport (2.28.1-0ubuntu3) over (2.28.1-0ubuntu2) ...
Preparing to unpack .../2-libglib2.0-data_2.80.0-6ubuntu3.1_all.deb ...
Unpacking libglib2.0-data (2.80.0-6ubuntu3.1) over (2.80.0-6ubuntu1) ...
Preparing to unpack .../3-libglib2.0-bin_2.80.0-6ubuntu3.1_amd64.deb ...
Unpacking libglib2.0-bin (2.80.0-6ubuntu3.1) over (2.80.0-6ubuntu1) ...
Preparing to unpack .../4-gir1.2-glib-2.0_2.80.0-6ubuntu3.1_amd64.deb ...
Unpacking gir1.2-glib-2.0:amd64 (2.80.0-6ubuntu3.1) over (2.80.0-6ubuntu1) ...
Preparing to unpack .../5-libglib2.0-0t64_2.80.0-6ubuntu3.1_amd64.deb ...
Unpacking libglib2.0-0t64:amd64 (2.80.0-6ubuntu3.1) over (2.80.0-6ubuntu1) ...
Preparing to unpack .../6-apport-core-dump-handler_2.28.1-0ubuntu3_all.deb ...
Unpacking apport-core-dump-handler (2.28.1-0ubuntu3) over (2.28.1-0ubuntu2) ...
Preparing to unpack .../7-apport_2.28.1-0ubuntu3_all.deb ...
Unpacking apport (2.28.1-0ubuntu3) over (2.28.1-0ubuntu2) ...
Preparing to unpack .../8-libssl3t64_3.0.13-0ubuntu3.1_amd64.deb ...
Unpacking libssl3t64:amd64 (3.0.13-0ubuntu3.1) over (3.0.13-0ubuntu3) ...
Setting up libssl3t64:amd64 (3.0.13-0ubuntu3.1) ...
(Reading database ... 71841 files and directories currently installed.)
Preparing to unpack .../libgnutls30t64_3.8.3-1.1ubuntu3.1_amd64.deb ...
Unpacking libgnutls30t64:amd64 (3.8.3-1.1ubuntu3.1) over (3.8.3-1.1ubuntu3) ...
Setting up libgnutls30t64:amd64 (3.8.3-1.1ubuntu3.1) ...
(Reading database ... 71841 files and directories currently installed.)
Preparing to unpack .../00-dhcpcd-base_1%3a10.0.6-1ubuntu3.1_amd64.deb ...
Unpacking dhcpcd-base (1:10.0.6-1ubuntu3.1) over (1:10.0.6-1ubuntu3) ...
Preparing to unpack .../01-distro-info-data_0.60ubuntu0.1_all.deb ...
Unpacking distro-info-data (0.60ubuntu0.1) over (0.60) ...
Preparing to unpack .../02-less_590-2ubuntu2.1_amd64.deb ...
Unpacking less (590-2ubuntu2.1) over (590-2ubuntu2) ...
Preparing to unpack .../03-locales_2.39-0ubuntu8.2_all.deb ...
Unpacking locales (2.39-0ubuntu8.2) over (2.39-0ubuntu8) ...
Preparing to unpack .../04-openssl_3.0.13-0ubuntu3.1_amd64.deb ...
Unpacking openssl (3.0.13-0ubuntu3.1) over (3.0.13-0ubuntu3) ...
Preparing to unpack .../05-ubuntu-pro-client-l10n_32.3~24.04_amd64.deb ...
Unpacking ubuntu-pro-client-l10n (32.3~24.04) over (31.2.3) ...
Preparing to unpack .../06-ubuntu-pro-client_32.3~24.04_amd64.deb ...
Unpacking ubuntu-pro-client (32.3~24.04) over (31.2.3) ...
Preparing to unpack .../07-libnghttp2-14_1.59.0-1ubuntu0.1_amd64.deb ...
Unpacking libnghttp2-14:amd64 (1.59.0-1ubuntu0.1) over (1.59.0-1build4) ...
Preparing to unpack .../08-ubuntu-release-upgrader-core_1%3a24.04.18_all.deb ...
Unpacking ubuntu-release-upgrader-core (1:24.04.18) over (1:24.04.16) ...
Preparing to unpack .../09-python3-distupgrade_1%3a24.04.18_all.deb ...
Unpacking python3-distupgrade (1:24.04.18) over (1:24.04.16) ...
Preparing to unpack .../10-curl_8.5.0-2ubuntu10.1_amd64.deb ...
Unpacking curl (8.5.0-2ubuntu10.1) over (8.5.0-2ubuntu10) ...
Preparing to unpack .../11-libcurl4t64_8.5.0-2ubuntu10.1_amd64.deb ...
Unpacking libcurl4t64:amd64 (8.5.0-2ubuntu10.1) over (8.5.0-2ubuntu10) ...
Preparing to unpack .../12-libcurl3t64-gnutls_8.5.0-2ubuntu10.1_amd64.deb ...
Unpacking libcurl3t64-gnutls:amd64 (8.5.0-2ubuntu10.1) over (8.5.0-2ubuntu10) ...
Preparing to unpack .../13-git-man_1%3a2.43.0-1ubuntu7.1_all.deb ...
Unpacking git-man (1:2.43.0-1ubuntu7.1) over (1:2.43.0-1ubuntu7) ...
Preparing to unpack .../14-git_1%3a2.43.0-1ubuntu7.1_amd64.deb ...
Unpacking git (1:2.43.0-1ubuntu7.1) over (1:2.43.0-1ubuntu7) ...
Preparing to unpack .../15-initramfs-tools_0.142ubuntu25.1_all.deb ...
Unpacking initramfs-tools (0.142ubuntu25.1) over (0.142ubuntu25) ...
Preparing to unpack .../16-initramfs-tools-core_0.142ubuntu25.1_all.deb ...
Unpacking initramfs-tools-core (0.142ubuntu25.1) over (0.142ubuntu25) ...
Preparing to unpack .../17-initramfs-tools-bin_0.142ubuntu25.1_amd64.deb ...
Unpacking initramfs-tools-bin (0.142ubuntu25.1) over (0.142ubuntu25) ...
Preparing to unpack .../18-klibc-utils_2.0.13-4ubuntu0.1_amd64.deb ...
Unpacking klibc-utils (2.0.13-4ubuntu0.1) over (2.0.13-4) ...
Preparing to unpack .../19-libklibc_2.0.13-4ubuntu0.1_amd64.deb ...
Unpacking libklibc:amd64 (2.0.13-4ubuntu0.1) over (2.0.13-4) ...
Preparing to unpack .../20-libtss2-mu-4.0.1-0t64_4.0.1-7.1ubuntu5.1_amd64.deb ...
Unpacking libtss2-mu-4.0.1-0t64:amd64 (4.0.1-7.1ubuntu5.1) over (4.0.1-7.1ubuntu5) ...
Preparing to unpack .../21-libtss2-tcti-cmd0t64_4.0.1-7.1ubuntu5.1_amd64.deb ...
Unpacking libtss2-tcti-cmd0t64:amd64 (4.0.1-7.1ubuntu5.1) over (4.0.1-7.1ubuntu5) ...
Preparing to unpack .../22-libtss2-tcti-device0t64_4.0.1-7.1ubuntu5.1_amd64.deb ...
Unpacking libtss2-tcti-device0t64:amd64 (4.0.1-7.1ubuntu5.1) over (4.0.1-7.1ubuntu5) ...
Preparing to unpack .../23-libtss2-tcti-mssim0t64_4.0.1-7.1ubuntu5.1_amd64.deb ...
Unpacking libtss2-tcti-mssim0t64:amd64 (4.0.1-7.1ubuntu5.1) over (4.0.1-7.1ubuntu5) ...
Preparing to unpack .../24-libtss2-tcti-swtpm0t64_4.0.1-7.1ubuntu5.1_amd64.deb ...
Unpacking libtss2-tcti-swtpm0t64:amd64 (4.0.1-7.1ubuntu5.1) over (4.0.1-7.1ubuntu5) ...
Preparing to unpack .../25-libtss2-sys1t64_4.0.1-7.1ubuntu5.1_amd64.deb ...
Unpacking libtss2-sys1t64:amd64 (4.0.1-7.1ubuntu5.1) over (4.0.1-7.1ubuntu5) ...
Preparing to unpack .../26-libtss2-esys-3.0.2-0t64_4.0.1-7.1ubuntu5.1_amd64.deb ...
Unpacking libtss2-esys-3.0.2-0t64:amd64 (4.0.1-7.1ubuntu5.1) over (4.0.1-7.1ubuntu5) ...
Preparing to unpack .../27-python3-cryptography_41.0.7-4ubuntu0.1_amd64.deb ...
Unpacking python3-cryptography (41.0.7-4ubuntu0.1) over (41.0.7-4build3) ...
Preparing to unpack .../28-python3-idna_3.6-2ubuntu0.1_all.deb ...
Unpacking python3-idna (3.6-2ubuntu0.1) over (3.6-2) ...
Preparing to unpack .../29-python3-jinja2_3.1.2-1ubuntu1.1_all.deb ...
Unpacking python3-jinja2 (3.1.2-1ubuntu1.1) over (3.1.2-1ubuntu1) ...
Preparing to unpack .../30-intel-microcode_3.20240514.0ubuntu0.24.04.1_amd64.deb ...
Unpacking intel-microcode (3.20240514.0ubuntu0.24.04.1) over (3.20240312.1build1) ...
Setting up python3-problem-report (2.28.1-0ubuntu3) ...
Setting up distro-info-data (0.60ubuntu0.1) ...
Setting up intel-microcode (3.20240514.0ubuntu0.24.04.1) ...
update-initramfs: deferring update (trigger activated)
intel-microcode: microcode will be updated at next boot
Setting up libtss2-mu-4.0.1-0t64:amd64 (4.0.1-7.1ubuntu5.1) ...
Setting up libnghttp2-14:amd64 (1.59.0-1ubuntu0.1) ...
Setting up libcurl3t64-gnutls:amd64 (8.5.0-2ubuntu10.1) ...
Setting up less (590-2ubuntu2.1) ...
Setting up python3-distupgrade (1:24.04.18) ...
Setting up locales (2.39-0ubuntu8.2) ...
Generating locales (this might take a while)...
  en_US.UTF-8... done
Generation complete.
Setting up python3-apport (2.28.1-0ubuntu3) ...
Setting up libklibc:amd64 (2.0.13-4ubuntu0.1) ...
Setting up python3-jinja2 (3.1.2-1ubuntu1.1) ...
Setting up libglib2.0-0t64:amd64 (2.80.0-6ubuntu3.1) ...
No schema files found: doing nothing.
Setting up libglib2.0-data (2.80.0-6ubuntu3.1) ...
Setting up libtss2-sys1t64:amd64 (4.0.1-7.1ubuntu5.1) ...
Setting up python3-cryptography (41.0.7-4ubuntu0.1) ...
Setting up libtss2-tcti-device0t64:amd64 (4.0.1-7.1ubuntu5.1) ...
Setting up python3-idna (3.6-2ubuntu0.1) ...
Setting up ubuntu-release-upgrader-core (1:24.04.18) ...
Setting up dhcpcd-base (1:10.0.6-1ubuntu3.1) ...
Setting up gir1.2-glib-2.0:amd64 (2.80.0-6ubuntu3.1) ...
Setting up libtss2-tcti-mssim0t64:amd64 (4.0.1-7.1ubuntu5.1) ...
Setting up git-man (1:2.43.0-1ubuntu7.1) ...
Setting up libtss2-tcti-cmd0t64:amd64 (4.0.1-7.1ubuntu5.1) ...
Setting up libc-dev-bin (2.39-0ubuntu8.2) ...
Setting up libtss2-tcti-swtpm0t64:amd64 (4.0.1-7.1ubuntu5.1) ...
Setting up klibc-utils (2.0.13-4ubuntu0.1) ...
Setting up openssl (3.0.13-0ubuntu3.1) ...
Setting up ubuntu-pro-client (32.3~24.04) ...
Installing new version of config file /etc/apparmor.d/ubuntu_pro_apt_news ...
Setting up libc-devtools (2.39-0ubuntu8.2) ...
Setting up initramfs-tools-bin (0.142ubuntu25.1) ...
Setting up ubuntu-pro-client-l10n (32.3~24.04) ...
Setting up libcurl4t64:amd64 (8.5.0-2ubuntu10.1) ...
Setting up libglib2.0-bin (2.80.0-6ubuntu3.1) ...
Setting up libtss2-esys-3.0.2-0t64:amd64 (4.0.1-7.1ubuntu5.1) ...
Setting up git (1:2.43.0-1ubuntu7.1) ...
Setting up libc6-dev:amd64 (2.39-0ubuntu8.2) ...
Setting up curl (8.5.0-2ubuntu10.1) ...
Setting up initramfs-tools-core (0.142ubuntu25.1) ...
Setting up initramfs-tools (0.142ubuntu25.1) ...
update-initramfs: deferring update (trigger activated)
Setting up apport-core-dump-handler (2.28.1-0ubuntu3) ...
Setting up apport (2.28.1-0ubuntu3) ...
apport-autoreport.service is a disabled or a static unit not running, not starting it.
Processing triggers for microcode-initrd (3build1) ...
Processing triggers for libc-bin (2.39-0ubuntu8.2) ...
Processing triggers for man-db (2.12.0-4build2) ...
Processing triggers for initramfs-tools (0.142ubuntu25.1) ...
update-initramfs: Generating /boot/initrd.img-6.8.0-1008-aws
Scanning processes...                                                                                                                                                                   
Scanning candidates...                                                                                                                                                                  
Scanning linux images...                                                                                                                                                                

Running kernel seems to be up-to-date.

Restarting services...
 /etc/needrestart/restart.d/systemd-manager
 systemctl restart acpid.service chrony.service cron.service multipathd.service packagekit.service polkit.service rsyslog.service snapd.service ssh.service systemd-journald.service systemd-networkd.service systemd-resolved.service systemd-udevd.service udisks2.service

Service restarts being deferred:
 systemctl restart ModemManager.service
 /etc/needrestart/restart.d/dbus.service
 systemctl restart getty@tty1.service
 systemctl restart networkd-dispatcher.service
 systemctl restart serial-getty@ttyS0.service
 systemctl restart systemd-logind.service
 systemctl restart unattended-upgrades.service

No containers need to be restarted.

User sessions running outdated binaries:
 ubuntu @ session #1: apt[1484], sshd[991,1115]
 ubuntu @ user manager service: systemd[1010]

No VM guests are running outdated hypervisor (qemu) binaries on this host.
ubuntu@ip-10-10-1-4:~$ exit
logout
Connection to 3.99.191.201 closed.
Deleting the Setup
{
    "TerminatingInstances": [
        {
            "CurrentState": {
                "Code": 32,
                "Name": "shutting-down"
            },
            "InstanceId": "i-03a1171610d4205b2",
            "PreviousState": {
                "Code": 16,
                "Name": "running"
            }
        }
    ]
}
Waiting for 5 minutes to instance to terminate
{
    "Return": true,
    "KeyPairId": "key-0cab0adf14ada126e"
}

